2024-09-19 12:23:17,820 [INFO] Activator:176 - 


2024-09-19 12:23:17,822 [INFO] Activator:177 - !SESSION log4j initialized
2024-09-19 12:23:20,662 [INFO] LogOutputStream:77 - [STDOUT_REDIRECT] 
2024-09-19 12:23:22,639 [INFO] ApplicationProperties:184 - Using Application install path: C:\ST\STM32CubeIDE_1.13.2\STM32CubeIDE\plugins\com.st.stm32cube.common.mx_6.9.2.202309101412
2024-09-19 12:23:22,657 [INFO] DbMcusXml:78 - Set database path to: C:\ST\STM32CubeIDE_1.13.2\STM32CubeIDE\plugins\com.st.stm32cube.common.mx_6.9.2.202309101412\\db\/mcu/
2024-09-19 12:23:22,657 [INFO] ApiDb:274 - Set plugin database path to: C:\ST\STM32CubeIDE_1.13.2\STM32CubeIDE\plugins\com.st.stm32cube.common.mx_6.9.2.202309101412\\db\/plugins/boardmanager/
2024-09-19 12:23:22,659 [WARN] ApiDb:259 - Overriding images path with different value:  => C:\ST\STM32CubeIDE_1.13.2\STM32CubeIDE\plugins\com.st.stm32cube.common.mx_6.9.2.202309101412\\db\/plugins/mcufinder/images/
2024-09-19 12:23:22,669 [INFO] ApiDb:250 - Set database path to: C:\Users\fmabrouk\.stmcufinder\plugins\mcufinder//mcu/
2024-09-19 12:23:22,670 [INFO] DbMcusAds:125 - Set database path to: C:\Users\fmabrouk\.stmcufinder\plugins\mcufinder//mcu/
2024-09-19 12:23:22,672 [INFO] CrossReferenceDbSqlite:203 - Set database path to: C:\Users\fmabrouk\.stmcufinder\plugins\mcufinder//mcu/cs/
2024-09-19 12:23:22,781 [INFO] RulesReader:64 - Compatibility file has been processed (293 Rules)
2024-09-19 12:23:22,881 [INFO] DbMcusXml:78 - Set database path to: C:\ST\STM32CubeIDE_1.13.2\STM32CubeIDE\plugins\com.st.stm32cube.common.mx_6.9.2.202309101412\\db\/mcu/
2024-09-19 12:23:22,882 [INFO] ApiDb:274 - Set plugin database path to: C:\ST\STM32CubeIDE_1.13.2\STM32CubeIDE\plugins\com.st.stm32cube.common.mx_6.9.2.202309101412\\db\/plugins/boardmanager/
2024-09-19 12:23:22,882 [INFO] ApiDb:261 - Set plugin images path to: C:\ST\STM32CubeIDE_1.13.2\STM32CubeIDE\plugins\com.st.stm32cube.common.mx_6.9.2.202309101412\\db\/plugins/mcufinder/images/
2024-09-19 12:23:22,882 [WARN] DbFile:41 - Overriding database path with different value: C:\Users\fmabrouk\.stmcufinder\plugins\mcufinder/ => C:\Users\fmabrouk\.stmcufinder\plugins\mcufinder
2024-09-19 12:23:22,882 [INFO] ApiDb:250 - Set database path to: C:\Users\fmabrouk\.stmcufinder\plugins\mcufinder//mcu/
2024-09-19 12:23:22,883 [WARN] DbFile:41 - Overriding database path with different value: C:\Users\fmabrouk\.stmcufinder\plugins\mcufinder/ => C:\Users\fmabrouk\.stmcufinder\plugins\mcufinder
2024-09-19 12:23:22,883 [INFO] DbMcusAds:125 - Set database path to: C:\Users\fmabrouk\.stmcufinder\plugins\mcufinder//mcu/
2024-09-19 12:23:22,883 [WARN] DbFile:41 - Overriding database path with different value: C:\Users\fmabrouk\.stmcufinder\plugins\mcufinder/ => C:\Users\fmabrouk\.stmcufinder\plugins\mcufinder
2024-09-19 12:23:22,883 [WARN] DbFile:41 - Overriding database path with different value: C:\Users\fmabrouk\.stmcufinder\plugins\mcufinder/ => C:\Users\fmabrouk\.stmcufinder\plugins\mcufinder
2024-09-19 12:23:22,883 [INFO] CrossReferenceDbSqlite:203 - Set database path to: C:\Users\fmabrouk\.stmcufinder\plugins\mcufinder//mcu/cs/
2024-09-19 12:23:22,963 [INFO] MainPanel:262 - HeapMemory: 268435456
2024-09-19 12:23:23,033 [INFO] DbMcusXml:78 - Set database path to: C:\ST\STM32CubeIDE_1.13.2\STM32CubeIDE\plugins\com.st.stm32cube.common.mx_6.9.2.202309101412\\db\/mcu/
2024-09-19 12:23:23,033 [INFO] ApiDb:274 - Set plugin database path to: C:\ST\STM32CubeIDE_1.13.2\STM32CubeIDE\plugins\com.st.stm32cube.common.mx_6.9.2.202309101412\\db\/plugins/boardmanager/
2024-09-19 12:23:23,033 [INFO] ApiDb:261 - Set plugin images path to: C:\ST\STM32CubeIDE_1.13.2\STM32CubeIDE\plugins\com.st.stm32cube.common.mx_6.9.2.202309101412\\db\/plugins/mcufinder/images/
2024-09-19 12:23:23,034 [WARN] DbFile:41 - Overriding database path with different value: C:\Users\fmabrouk\.stmcufinder\plugins\mcufinder/ => C:\Users\fmabrouk\.stmcufinder\plugins\mcufinder
2024-09-19 12:23:23,034 [INFO] ApiDb:250 - Set database path to: C:\Users\fmabrouk\.stmcufinder\plugins\mcufinder//mcu/
2024-09-19 12:23:23,034 [WARN] DbFile:41 - Overriding database path with different value: C:\Users\fmabrouk\.stmcufinder\plugins\mcufinder/ => C:\Users\fmabrouk\.stmcufinder\plugins\mcufinder
2024-09-19 12:23:23,034 [INFO] DbMcusAds:125 - Set database path to: C:\Users\fmabrouk\.stmcufinder\plugins\mcufinder//mcu/
2024-09-19 12:23:23,034 [WARN] DbFile:41 - Overriding database path with different value: C:\Users\fmabrouk\.stmcufinder\plugins\mcufinder/ => C:\Users\fmabrouk\.stmcufinder\plugins\mcufinder
2024-09-19 12:23:23,034 [WARN] DbFile:41 - Overriding database path with different value: C:\Users\fmabrouk\.stmcufinder\plugins\mcufinder/ => C:\Users\fmabrouk\.stmcufinder\plugins\mcufinder
2024-09-19 12:23:23,034 [INFO] CrossReferenceDbSqlite:203 - Set database path to: C:\Users\fmabrouk\.stmcufinder\plugins\mcufinder//mcu/cs/
2024-09-19 12:23:23,051 [INFO] ApplicationProperties:184 - Using Application install path: C:\ST\STM32CubeIDE_1.13.2\STM32CubeIDE\plugins\com.st.stm32cube.common.mx_6.9.2.202309101412
2024-09-19 12:23:23,053 [INFO] PluginManage:196 - Search for loadable plugins [exclusion list=, ]
2024-09-19 12:23:23,055 [INFO] PluginManage:310 - Check plugin analytics
2024-09-19 12:23:23,209 [INFO] AnalyticsPlugin:253 - Accepted Software Licenses: 
2024-09-19 12:23:23,209 [INFO] AnalyticsPlugin:255 - Accepted CMSIS Pack Licenses: 
2024-09-19 12:23:23,209 [INFO] AnalyticsPlugin:257 - Accepted Firmware Licenses: FW.H7.1.10.0,FW.H7.1.11.0
2024-09-19 12:23:23,212 [INFO] PluginManage:359 - Loaded plugin analytics (category:tool,tabindex:-1)
2024-09-19 12:23:23,213 [INFO] PluginManage:310 - Check plugin cadmodel
2024-09-19 12:23:23,218 [INFO] CADModel:105 - Init CAD model plugin
2024-09-19 12:23:23,218 [INFO] PluginManage:359 - Loaded plugin cadmodel (category:power,tabindex:5)
2024-09-19 12:23:23,218 [INFO] PluginManage:310 - Check plugin clock
2024-09-19 12:23:23,233 [INFO] PluginManage:359 - Loaded plugin clock (category:base,tabindex:2)
2024-09-19 12:23:23,233 [INFO] PluginManage:310 - Check plugin ddr
2024-09-19 12:23:23,238 [INFO] PluginManage:359 - Loaded plugin ddr (category:tool,tabindex:6)
2024-09-19 12:23:23,238 [INFO] PluginManage:310 - Check plugin filemanager
2024-09-19 12:23:23,350 [INFO] PluginManage:359 - Loaded plugin filemanager (category:base,tabindex:10)
2024-09-19 12:23:23,351 [INFO] PluginManage:310 - Check plugin ipmanager
2024-09-19 12:23:23,361 [INFO] PluginManage:359 - Loaded plugin ipmanager (category:base,tabindex:5)
2024-09-19 12:23:23,361 [INFO] PluginManage:310 - Check plugin lpbam
2024-09-19 12:23:23,370 [INFO] PluginManage:359 - Loaded plugin lpbam (category:base,tabindex:0)
2024-09-19 12:23:23,371 [INFO] PluginManage:310 - Check plugin memorymap
2024-09-19 12:23:23,382 [INFO] PluginManage:359 - Loaded plugin memorymap (category:base,tabindex:4)
2024-09-19 12:23:23,383 [INFO] PluginManage:310 - Check plugin pinoutandconfiguration
2024-09-19 12:23:23,391 [INFO] PluginManage:359 - Loaded plugin pinoutandconfiguration (category:base,tabindex:1)
2024-09-19 12:23:23,391 [INFO] PluginManage:310 - Check plugin pinoutconfig
2024-09-19 12:23:23,509 [WARN] SupportedApi:132 - Cannot load RTOS API schema: s4s-elt-must-match.1: The content of 'definitions' must match (annotation?, (simpleType | complexType)?, (unique | key | keyref)*)). A problem was found starting at: attribute.
2024-09-19 12:23:23,650 [INFO] PluginManage:359 - Loaded plugin pinoutconfig (category:base,tabindex:0)
2024-09-19 12:23:23,650 [INFO] PluginManage:310 - Check plugin power
2024-09-19 12:23:23,661 [INFO] PluginManage:359 - Loaded plugin power (category:power,tabindex:4)
2024-09-19 12:23:23,661 [INFO] PluginManage:310 - Check plugin projectmanager
2024-09-19 12:23:23,675 [INFO] PluginManage:359 - Loaded plugin projectmanager (category:projectmanager,tabindex:3)
2024-09-19 12:23:23,675 [INFO] PluginManage:310 - Check plugin thirdparty
2024-09-19 12:23:23,810 [INFO] PluginManage:359 - Loaded plugin thirdparty (category:base,tabindex:-1)
2024-09-19 12:23:23,810 [WARN] IntegrityCheckThread:84 - waiting for thirdparty lock release [integrity check]
2024-09-19 12:23:23,811 [INFO] PluginManage:310 - Check plugin tools
2024-09-19 12:23:23,811 [INFO] IntegrityCheckThread:86 - entering critical section [integrity check]
2024-09-19 12:23:23,811 [INFO] ThirdPartyUpdaterWithRetryManager:70 - Updater plugin not ready yet. [1/15]
2024-09-19 12:23:23,814 [INFO] PluginManage:359 - Loaded plugin tools (category:base,tabindex:7)
2024-09-19 12:23:23,814 [INFO] PluginManage:310 - Check plugin tutovideos
2024-09-19 12:23:23,969 [INFO] PluginManage:359 - Loaded plugin tutovideos (category:base,tabindex:-1)
2024-09-19 12:23:23,969 [INFO] PluginManage:310 - Check plugin updater
2024-09-19 12:23:23,978 [INFO] PluginManage:359 - Loaded plugin updater (category:base,tabindex:12)
2024-09-19 12:23:23,978 [INFO] PluginManage:310 - Check plugin userauth
2024-09-19 12:23:23,983 [INFO] UserAuth:113 - Init User Auth plugin
2024-09-19 12:23:23,983 [INFO] PluginManage:359 - Loaded plugin userauth (category:base,tabindex:14)
2024-09-19 12:23:23,984 [INFO] PluginManage:283 - PluginManage : Loaded plugins [17]
2024-09-19 12:23:24,185 [INFO] PinOutPanel:1499 - setPackage(No Configuration,No Configuration)
2024-09-19 12:23:24,294 [INFO] CADModel:165 - CPN selected for project level
2024-09-19 12:23:24,295 [INFO] CADModel:114 - Register for checkConnection events
2024-09-19 12:23:24,308 [INFO] IPUIPlugin:80 - create IPUIPlugin
2024-09-19 12:23:24,308 [INFO] PluginManager:220 - loadIPPluginJar : add adc
2024-09-19 12:23:24,311 [INFO] IPUIPlugin:80 - create IPUIPlugin
2024-09-19 12:23:24,311 [INFO] PluginManager:220 - loadIPPluginJar : add aes
2024-09-19 12:23:24,313 [INFO] IPUIPlugin:80 - create IPUIPlugin
2024-09-19 12:23:24,313 [INFO] PluginManager:220 - loadIPPluginJar : add can
2024-09-19 12:23:24,315 [INFO] IPUIPlugin:80 - create IPUIPlugin
2024-09-19 12:23:24,315 [INFO] PluginManager:220 - loadIPPluginJar : add comp
2024-09-19 12:23:24,317 [INFO] IPUIPlugin:80 - create IPUIPlugin
2024-09-19 12:23:24,317 [INFO] PluginManager:220 - loadIPPluginJar : add cryp
2024-09-19 12:23:24,320 [INFO] IPUIPlugin:80 - create IPUIPlugin
2024-09-19 12:23:24,320 [INFO] PluginManager:220 - loadIPPluginJar : add dfsdm
2024-09-19 12:23:24,325 [INFO] IPUIPlugin:80 - create IPUIPlugin
2024-09-19 12:23:24,326 [INFO] PluginManager:220 - loadIPPluginJar : add dma
2024-09-19 12:23:24,328 [INFO] IPUIPlugin:80 - create IPUIPlugin
2024-09-19 12:23:24,328 [INFO] PluginManager:220 - loadIPPluginJar : add dma3
2024-09-19 12:23:24,330 [INFO] IPUIPlugin:80 - create IPUIPlugin
2024-09-19 12:23:24,330 [INFO] PluginManager:220 - loadIPPluginJar : add fatfs
2024-09-19 12:23:24,334 [INFO] IPUIPlugin:80 - create IPUIPlugin
2024-09-19 12:23:24,334 [INFO] PluginManager:220 - loadIPPluginJar : add fmc
2024-09-19 12:23:24,339 [INFO] IPUIPlugin:80 - create IPUIPlugin
2024-09-19 12:23:24,339 [INFO] PluginManager:220 - loadIPPluginJar : add freertos
2024-09-19 12:23:24,341 [INFO] IPUIPlugin:80 - create IPUIPlugin
2024-09-19 12:23:24,341 [INFO] PluginManager:220 - loadIPPluginJar : add genericplugin
2024-09-19 12:23:24,343 [INFO] IPUIPlugin:80 - create IPUIPlugin
2024-09-19 12:23:24,343 [INFO] PluginManager:220 - loadIPPluginJar : add gfxmmu
2024-09-19 12:23:24,348 [INFO] IPUIPlugin:80 - create IPUIPlugin
2024-09-19 12:23:24,348 [INFO] PluginManager:220 - loadIPPluginJar : add gic
2024-09-19 12:23:24,352 [INFO] IPUIPlugin:80 - create IPUIPlugin
2024-09-19 12:23:24,352 [INFO] PluginManager:220 - loadIPPluginJar : add gpio
2024-09-19 12:23:24,355 [INFO] IPUIPlugin:80 - create IPUIPlugin
2024-09-19 12:23:24,356 [INFO] PluginManager:220 - loadIPPluginJar : add gtzc
2024-09-19 12:23:24,359 [INFO] IPUIPlugin:80 - create IPUIPlugin
2024-09-19 12:23:24,359 [INFO] PluginManager:220 - loadIPPluginJar : add hash
2024-09-19 12:23:24,362 [INFO] IPUIPlugin:80 - create IPUIPlugin
2024-09-19 12:23:24,362 [INFO] PluginManager:220 - loadIPPluginJar : add i2c
2024-09-19 12:23:24,364 [INFO] IPUIPlugin:80 - create IPUIPlugin
2024-09-19 12:23:24,365 [INFO] PluginManager:220 - loadIPPluginJar : add i2s
2024-09-19 12:23:24,368 [INFO] IPUIPlugin:80 - create IPUIPlugin
2024-09-19 12:23:24,368 [INFO] PluginManager:220 - loadIPPluginJar : add i3c
2024-09-19 12:23:24,372 [INFO] IPUIPlugin:80 - create IPUIPlugin
2024-09-19 12:23:24,372 [INFO] PluginManager:220 - loadIPPluginJar : add ipddr
2024-09-19 12:23:24,379 [INFO] IPUIPlugin:80 - create IPUIPlugin
2024-09-19 12:23:24,380 [INFO] PluginManager:220 - loadIPPluginJar : add linkedlist
2024-09-19 12:23:24,383 [INFO] IPUIPlugin:80 - create IPUIPlugin
2024-09-19 12:23:24,383 [INFO] PluginManager:220 - loadIPPluginJar : add lorawan
2024-09-19 12:23:24,385 [INFO] IPUIPlugin:80 - create IPUIPlugin
2024-09-19 12:23:24,385 [INFO] PluginManager:220 - loadIPPluginJar : add ltdc
2024-09-19 12:23:24,390 [INFO] IPUIPlugin:80 - create IPUIPlugin
2024-09-19 12:23:24,390 [INFO] PluginManager:220 - loadIPPluginJar : add mdma
2024-09-19 12:23:24,393 [INFO] IPUIPlugin:80 - create IPUIPlugin
2024-09-19 12:23:24,393 [INFO] PluginManager:220 - loadIPPluginJar : add nvic
2024-09-19 12:23:24,396 [INFO] IPUIPlugin:80 - create IPUIPlugin
2024-09-19 12:23:24,396 [INFO] PluginManager:220 - loadIPPluginJar : add opamp
2024-09-19 12:23:24,399 [INFO] IPUIPlugin:80 - create IPUIPlugin
2024-09-19 12:23:24,399 [INFO] PluginManager:220 - loadIPPluginJar : add openamp
2024-09-19 12:23:24,402 [INFO] IPUIPlugin:80 - create IPUIPlugin
2024-09-19 12:23:24,402 [INFO] PluginManager:220 - loadIPPluginJar : add pdm2pcm
2024-09-19 12:23:24,407 [INFO] IPUIPlugin:80 - create IPUIPlugin
2024-09-19 12:23:24,410 [INFO] PluginManager:220 - loadIPPluginJar : add plateformsettings
2024-09-19 12:23:24,411 [INFO] IPUIPlugin:80 - create IPUIPlugin
2024-09-19 12:23:24,411 [INFO] PluginManager:220 - loadIPPluginJar : add quadspi
2024-09-19 12:23:24,415 [INFO] IPUIPlugin:80 - create IPUIPlugin
2024-09-19 12:23:24,415 [INFO] PluginManager:220 - loadIPPluginJar : add resmgrutility
2024-09-19 12:23:24,418 [INFO] IPUIPlugin:80 - create IPUIPlugin
2024-09-19 12:23:24,418 [INFO] PluginManager:220 - loadIPPluginJar : add sai
2024-09-19 12:23:24,421 [INFO] IPUIPlugin:80 - create IPUIPlugin
2024-09-19 12:23:24,421 [INFO] PluginManager:220 - loadIPPluginJar : add spi
2024-09-19 12:23:24,425 [INFO] IPUIPlugin:80 - create IPUIPlugin
2024-09-19 12:23:24,426 [INFO] PluginManager:220 - loadIPPluginJar : add stm32_wpan
2024-09-19 12:23:24,427 [INFO] IPUIPlugin:80 - create IPUIPlugin
2024-09-19 12:23:24,428 [INFO] PluginManager:220 - loadIPPluginJar : add tim
2024-09-19 12:23:24,431 [INFO] IPUIPlugin:80 - create IPUIPlugin
2024-09-19 12:23:24,431 [INFO] PluginManager:220 - loadIPPluginJar : add touchsensing
2024-09-19 12:23:24,434 [INFO] IPUIPlugin:80 - create IPUIPlugin
2024-09-19 12:23:24,434 [INFO] PluginManager:220 - loadIPPluginJar : add tracer_emb
2024-09-19 12:23:24,436 [INFO] IPUIPlugin:80 - create IPUIPlugin
2024-09-19 12:23:24,436 [INFO] PluginManager:220 - loadIPPluginJar : add ts
2024-09-19 12:23:24,438 [INFO] IPUIPlugin:80 - create IPUIPlugin
2024-09-19 12:23:24,438 [INFO] PluginManager:220 - loadIPPluginJar : add tsc
2024-09-19 12:23:24,440 [INFO] IPUIPlugin:80 - create IPUIPlugin
2024-09-19 12:23:24,440 [INFO] PluginManager:220 - loadIPPluginJar : add ucpd
2024-09-19 12:23:24,443 [INFO] IPUIPlugin:80 - create IPUIPlugin
2024-09-19 12:23:24,443 [INFO] PluginManager:220 - loadIPPluginJar : add usart
2024-09-19 12:23:24,446 [INFO] IPUIPlugin:80 - create IPUIPlugin
2024-09-19 12:23:24,446 [INFO] PluginManager:220 - loadIPPluginJar : add usbx
2024-09-19 12:23:24,587 [INFO] CADModel:165 - CPN selected for project level
2024-09-19 12:23:24,588 [INFO] CADModel:114 - Register for checkConnection events
2024-09-19 12:23:24,588 [FATAL] Updater:308 - Updater called before beeing initialized
2024-09-19 12:23:24,588 [ERROR] CADModel:125 - Updater not yet initialized, retry later 
2024-09-19 12:23:24,762 [INFO] CADModel:165 - CPN selected for project level
2024-09-19 12:23:24,762 [INFO] CADModel:114 - Register for checkConnection events
2024-09-19 12:23:24,762 [FATAL] Updater:308 - Updater called before beeing initialized
2024-09-19 12:23:24,762 [ERROR] CADModel:125 - Updater not yet initialized, retry later 
2024-09-19 12:23:24,765 [FATAL] Updater:308 - Updater called before beeing initialized
2024-09-19 12:23:24,873 [FATAL] Updater:308 - Updater called before beeing initialized
2024-09-19 12:23:24,878 [INFO] DbMcusAds:53 - JSON generation date=Wed Nov 29 02:52:27 PST 2023 (1701255147349)
2024-09-19 12:23:24,878 [FATAL] Updater:308 - Updater called before beeing initialized
2024-09-19 12:23:24,913 [WARN] DetailPanel:346 - Failed to get advertising image, set to default
2024-09-19 12:23:25,018 [FATAL] Updater:308 - Updater called before beeing initialized
2024-09-19 12:23:25,020 [FATAL] Updater:308 - Updater called before beeing initialized
2024-09-19 12:23:25,020 [FATAL] Updater:308 - Updater called before beeing initialized
2024-09-19 12:23:25,020 [WARN] DetailPanel:346 - Failed to get advertising image, set to default
2024-09-19 12:23:25,021 [FATAL] Updater:308 - Updater called before beeing initialized
2024-09-19 12:23:25,072 [ERROR] Updater:1120 - MainUpdater not yet initialized. External WinMGr cannot be set.
2024-09-19 12:23:25,074 [INFO] Updater:1056 - Updater Version found : 6.9.2
2024-09-19 12:23:25,091 [INFO] ApplicationProperties:184 - Using Application install path: C:\ST\STM32CubeIDE_1.13.2\STM32CubeIDE\plugins\com.st.stm32cube.common.mx_6.9.2.202309101412
2024-09-19 12:23:25,281 [INFO] MainUpdater:2868 - connection check result : 10
2024-09-19 12:23:25,282 [INFO] MainUpdater:285 - Updater Check For Update Now.
2024-09-19 12:23:25,282 [INFO] MicroXplorer:498 - Change Database Version : DB.6.0.92
2024-09-19 12:23:25,291 [INFO] McuFinderGlobals:63 - Set McuFinder mode to 2 (CubeIDE integrated)
2024-09-19 12:23:25,291 [INFO] UserAuth:179 - activating auth plugin
2024-09-19 12:23:25,294 [INFO] UserAuth:393 - Internet connection configuration mode: 1
2024-09-19 12:23:25,314 [INFO] JxBrowserEngine:151 - Initiate JxBrowser Engine with user profile folder
2024-09-19 12:23:25,484 [INFO] CheckServerUpdateThread:120 - End of CheckServer Thread
2024-09-19 12:23:25,931 [INFO] WebApp:157 - Instantiating new browser for Auth
2024-09-19 12:23:26,609 [INFO] WebApp:753 - Register for checkConnection events
2024-09-19 12:23:26,610 [INFO] WebApp:390 - Apply proxy settings
2024-09-19 12:23:26,610 [INFO] WebApp:475 - Chromium requires no authentication
2024-09-19 12:23:26,617 [INFO] WebApp:418 - Direct internet connection detected
2024-09-19 12:23:26,760 [INFO] WebApp:188 - Starting web application
2024-09-19 12:23:26,761 [INFO] WebApp:520 - Web application path used C:\ST\STM32CubeIDE_1.13.2\STM32CubeIDE\plugins\com.st.stm32cube.common.mx_6.9.2.202309101412\db\plugins\mcufinder\reactClient1\index.html
2024-09-19 12:23:27,158 [WARN] PackLoader:240 - Cannot read IP mode file for STMicroelectronics.FP-SNS-MOTENVWB1.1.4.0
2024-09-19 12:23:27,173 [WARN] PackLoader:240 - Cannot read IP mode file for STMicroelectronics.X-CUBE-SMBUS.2.1.0
2024-09-19 12:23:27,181 [WARN] PackLoader:240 - Cannot read IP mode file for STMicroelectronics.X-CUBE-TOUCHGFX.4.23.1
2024-09-19 12:23:27,185 [WARN] PackLoader:240 - Cannot read IP mode file for STMicroelectronics.X-CUBE-TOUCHGFX.4.23.0
2024-09-19 12:23:27,188 [WARN] PackLoader:240 - Cannot read IP mode file for STMicroelectronics.X-CUBE-TOUCHGFX.4.23.2
2024-09-19 12:23:27,231 [WARN] PackLoader:240 - Cannot read IP mode file for STMicroelectronics.X-CUBE-AZRTOS-F7.1.1.0
2024-09-19 12:23:27,243 [ERROR] RealEvaluatedCondition:428 - Found unsupported composite condition: CLASS='Data Exchange' GROUP='STM32_MetaDataManager'
2024-09-19 12:23:27,243 [ERROR] RealEvaluatedCondition:428 - Found unsupported composite condition: CLASS='Data Exchange' GROUP='STM32_MetaDataManager'
2024-09-19 12:23:27,246 [WARN] PackLoader:240 - Cannot read IP mode file for STMicroelectronics.FP-SNS-MOTENV1.4.3.0
2024-09-19 12:23:27,256 [WARN] PackLoader:240 - Cannot read IP mode file for STMicroelectronics.FP-SNS-MOTENV1.4.3.2
2024-09-19 12:23:27,267 [WARN] PackLoader:240 - Cannot read IP mode file for STMicroelectronics.FP-SNS-FLIGHT1.5.0.0
2024-09-19 12:23:27,273 [ERROR] RealEvaluatedCondition:428 - Found unsupported composite condition: GROUP='STM32_MetaDataManager' CLASS='Data Exchange'
2024-09-19 12:23:27,273 [ERROR] RealEvaluatedCondition:428 - Found unsupported composite condition: GROUP='STM32_MetaDataManager' CLASS='Data Exchange'
2024-09-19 12:23:27,277 [WARN] PackLoader:240 - Cannot read IP mode file for STMicroelectronics.FP-SNS-MOTENV1.4.3.1
2024-09-19 12:23:27,287 [WARN] PackLoader:240 - Cannot read IP mode file for STMicroelectronics.FP-SNS-FLIGHT1.5.0.1
2024-09-19 12:23:27,426 [WARN] PackLoader:240 - Cannot read IP mode file for STMicroelectronics.X-CUBE-MEMS1.11.0.0
2024-09-19 12:23:27,590 [WARN] PackLoader:240 - Cannot read IP mode file for STMicroelectronics.X-CUBE-BLE1.6.2.4
2024-09-19 12:23:27,596 [WARN] PackLoader:240 - Cannot read IP mode file for STMicroelectronics.X-CUBE-BLE1.6.2.2
2024-09-19 12:23:27,600 [WARN] PackLoader:240 - Cannot read IP mode file for STMicroelectronics.FP-SNS-FLIGHT1.5.0.2
2024-09-19 12:23:27,605 [WARN] PackLoader:240 - Cannot read IP mode file for STMicroelectronics.X-CUBE-BLE2.3.2.2
2024-09-19 12:23:27,611 [WARN] PackLoader:240 - Cannot read IP mode file for STMicroelectronics.X-CUBE-DISPLAY.3.0.0
2024-09-19 12:23:27,617 [WARN] PackLoader:240 - Cannot read IP mode file for STMicroelectronics.X-CUBE-BLE1.7.0.0
2024-09-19 12:23:27,621 [WARN] PackLoader:240 - Cannot read IP mode file for STMicroelectronics.X-CUBE-TOUCHGFX.4.22.0
2024-09-19 12:23:27,623 [WARN] PackLoader:240 - Cannot read IP mode file for STMicroelectronics.X-CUBE-TOUCHGFX.4.22.1
2024-09-19 12:23:27,631 [WARN] PackLoader:240 - Cannot read IP mode file for STMicroelectronics.X-CUBE-SUBG2.4.2.0
2024-09-19 12:23:27,649 [WARN] PackLoader:240 - Cannot read IP mode file for STMicroelectronics.X-CUBE-BLEMGR.3.1.0
2024-09-19 12:23:27,654 [WARN] PackLoader:240 - Cannot read IP mode file for STMicroelectronics.FP-SNS-SMARTAG2.1.2.0
2024-09-19 12:23:27,662 [INFO] LogOutputStream:77 - [STDOUT_REDIRECT] 1 : Invalid condition id : UX_CORESTACK_Condition cause : null
2024-09-19 12:23:27,663 [INFO] LogOutputStream:77 - [STDOUT_REDIRECT] 1 : Invalid condition id : UX_CORESTACK_Condition cause : null
2024-09-19 12:23:27,664 [INFO] LogOutputStream:77 - [STDOUT_REDIRECT] 1 : Invalid condition id : UX_CORESTACK_Condition cause : null
2024-09-19 12:23:27,665 [INFO] LogOutputStream:77 - [STDOUT_REDIRECT] 1 : Invalid condition id : UX_CORESTACK_Condition cause : null
2024-09-19 12:23:27,666 [INFO] LogOutputStream:77 - [STDOUT_REDIRECT] 1 : Invalid condition id : UX_CORESTACK_Condition cause : null
2024-09-19 12:23:27,674 [WARN] PackLoader:240 - Cannot read IP mode file for STMicroelectronics.X-CUBE-AZRTOS-WL.2.0.0
2024-09-19 12:23:27,679 [WARN] PackLoader:240 - Cannot read IP mode file for STMicroelectronics.X-CUBE-ALGOBUILD.1.2.1
2024-09-19 12:23:27,683 [WARN] PackLoader:240 - Cannot read IP mode file for STMicroelectronics.FP-SNS-MOTENV1.5.0.0
2024-09-19 12:23:27,691 [WARN] PackLoader:240 - Cannot read IP mode file for wolfSSL.I-CUBE-wolfMQTT.1.19.0
2024-09-19 12:23:27,698 [WARN] PackLoader:240 - Cannot read IP mode file for WES.I-CUBE-Cesium.1.3.0
2024-09-19 12:23:27,702 [WARN] PackLoader:240 - Cannot read IP mode file for STMicroelectronics.X-CUBE-BLE2.3.3.0
2024-09-19 12:23:27,707 [WARN] PackLoader:240 - Cannot read IP mode file for STMicroelectronics.X-CUBE-DISPLAY.2.2.0
2024-09-19 12:23:27,721 [WARN] PackLoader:240 - Cannot read IP mode file for STMicroelectronics.X-CUBE-TOF1.3.2.0
2024-09-19 12:23:27,728 [WARN] PackLoader:240 - Cannot read IP mode file for STMicroelectronics.X-CUBE-TOUCHGFX.4.18.1
2024-09-19 12:23:27,731 [WARN] PackLoader:240 - Cannot read IP mode file for wolfSSL.I-CUBE-wolfSSL.5.0.0
2024-09-19 12:23:27,736 [WARN] PackLoader:240 - Cannot read IP mode file for STMicroelectronics.X-CUBE-TCPP.4.1.0
2024-09-19 12:23:27,740 [WARN] PackLoader:240 - Cannot read IP mode file for STMicroelectronics.X-CUBE-TOUCHGFX.4.21.1
2024-09-19 12:23:27,743 [WARN] PackLoader:240 - Cannot read IP mode file for STMicroelectronics.X-CUBE-TOUCHGFX.4.21.3
2024-09-19 12:23:27,746 [WARN] PackLoader:240 - Cannot read IP mode file for STMicroelectronics.X-CUBE-TOUCHGFX.4.21.4
2024-09-19 12:23:27,776 [WARN] PackLoader:240 - Cannot read IP mode file for STMicroelectronics.X-CUBE-MEMS1.9.4.0
2024-09-19 12:23:27,892 [WARN] PackLoader:240 - Cannot read IP mode file for STMicroelectronics.X-CUBE-AI.7.3.0
2024-09-19 12:23:27,898 [WARN] PackLoader:240 - Cannot read IP mode file for STMicroelectronics.X-CUBE-ALGOBUILD.1.3.0
2024-09-19 12:23:27,915 [WARN] PackLoader:240 - Cannot read IP mode file for STMicroelectronics.X-CUBE-AZRTOS-G0.1.1.0
2024-09-19 12:23:27,926 [WARN] PackLoader:240 - Cannot read IP mode file for STMicroelectronics.X-CUBE-SAFEA1.1.2.2
2024-09-19 12:23:27,931 [WARN] PackLoader:240 - Cannot read IP mode file for STMicroelectronics.X-CUBE-NFC4.3.0.0
2024-09-19 12:23:27,965 [WARN] PackLoader:240 - Cannot read IP mode file for SEGGER.I-CUBE-embOS.1.2.0
2024-09-19 12:23:28,005 [ERROR] Engine:466 - C:\Users\fmabrouk\.stm32cubemx\thirdparties\pdsc\EmbeddedOffice.I-CUBE-FS-RTOS.1.0.1.pdsc: PDSC version is not supported
2024-09-19 12:23:28,011 [WARN] PackLoader:240 - Cannot read IP mode file for STMicroelectronics.X-CUBE-BLEMGR.3.0.0
2024-09-19 12:23:28,018 [WARN] PackLoader:240 - Cannot read IP mode file for STMicroelectronics.X-CUBE-BLEMGR.1.3.0
2024-09-19 12:23:28,022 [ERROR] Engine:466 - C:\Users\fmabrouk\.stm32cubemx\thirdparties\pdsc\RealThread.X-CUBE-RT-Thread_Nano.4.1.1.pdsc: PDSC version is not supported
2024-09-19 12:23:28,035 [WARN] PackLoader:240 - Cannot read IP mode file for STMicroelectronics.X-CUBE-AZRTOS-H7.2.0.0
2024-09-19 12:23:28,043 [WARN] PackLoader:240 - Cannot read IP mode file for STMicroelectronics.FP-ATR-SIGFOX1.3.2.0
2024-09-19 12:23:28,049 [WARN] PackLoader:240 - Cannot read IP mode file for STMicroelectronics.X-CUBE-EEPRMA1.5.1.0
2024-09-19 12:23:28,080 [WARN] PackLoader:240 - Cannot read IP mode file for STMicroelectronics.X-CUBE-MEMS1.9.5.0
2024-09-19 12:23:28,208 [WARN] PackLoader:240 - Cannot read IP mode file for SEGGER.I-CUBE-embOS.1.3.1
2024-09-19 12:23:28,236 [WARN] PackLoader:240 - Cannot read IP mode file for STMicroelectronics.X-CUBE-ALGOBUILD.1.4.0
2024-09-19 12:23:28,239 [WARN] PackLoader:240 - Cannot read IP mode file for STMicroelectronics.X-CUBE-DISPLAY.2.0.0
2024-09-19 12:23:28,245 [WARN] PackLoader:240 - Cannot read IP mode file for STMicroelectronics.X-CUBE-GNSS1.6.0.0
2024-09-19 12:23:28,258 [WARN] PackLoader:240 - Cannot read IP mode file for STMicroelectronics.X-CUBE-AZRTOS-F4.1.1.0
2024-09-19 12:23:28,265 [WARN] PackLoader:240 - Cannot read IP mode file for STMicroelectronics.X-CUBE-ISPU.2.1.0
2024-09-19 12:23:28,271 [WARN] PackLoader:240 - Cannot read IP mode file for STMicroelectronics.X-CUBE-FREERTOS.1.2.0
2024-09-19 12:23:28,289 [WARN] PackLoader:240 - Cannot read IP mode file for STMicroelectronics.X-CUBE-AZRTOS-L5.2.0.0
2024-09-19 12:23:28,318 [WARN] PackLoader:240 - Cannot read IP mode file for STMicroelectronics.X-CUBE-MEMS1.9.6.0
2024-09-19 12:23:28,413 [WARN] PackLoader:240 - Cannot read IP mode file for STMicroelectronics.X-CUBE-EEPRMA1.4.2.0
2024-09-19 12:23:28,419 [WARN] PackLoader:240 - Cannot read IP mode file for STMicroelectronics.X-CUBE-NFC6.3.1.0
2024-09-19 12:23:28,425 [WARN] PackLoader:240 - Cannot read IP mode file for ITTIA_DB.I-CUBE-ITTIADB.8.8.0
2024-09-19 12:23:28,431 [WARN] PackLoader:240 - Cannot read IP mode file for emotas.I-CUBE-CANOPEN.1.1.3
2024-09-19 12:23:28,437 [WARN] PackLoader:240 - Cannot read IP mode file for STMicroelectronics.X-CUBE-BLEMGR.2.0.0
2024-09-19 12:23:28,440 [ERROR] Engine:466 - C:\Users\fmabrouk\.stm32cubemx\thirdparties\pdsc\STMicroelectronics.X-CUBE-DPower.1.2.0.pdsc: PDSC version is not supported
2024-09-19 12:23:28,444 [WARN] PackLoader:240 - Cannot read IP mode file for STMicroelectronics.X-CUBE-NFC4.2.0.3
2024-09-19 12:23:28,447 [WARN] PackLoader:240 - Cannot read IP mode file for STMicroelectronics.X-CUBE-AI.9.0.0
2024-09-19 12:23:28,463 [WARN] ConditionMgr:438 - getConditionDescription Invalid condition id : UX DEVICE CLASS RTOS Condition cause : null
2024-09-19 12:23:28,463 [WARN] ConditionMgr:438 - getConditionDescription Invalid condition id : UX DEVICE CLASS RTOS Condition cause : null
2024-09-19 12:23:28,467 [WARN] PackLoader:240 - Cannot read IP mode file for STMicroelectronics.X-CUBE-AZRTOS-H7.3.1.0
2024-09-19 12:23:28,468 [WARN] ConditionMgr:1039 - genDependencies : Invalid condition id : UX DEVICE CLASS RTOS Condition cause : null
2024-09-19 12:23:28,468 [WARN] ConditionMgr:1039 - genDependencies : Invalid condition id : UX DEVICE CLASS RTOS Condition cause : null
2024-09-19 12:23:28,469 [WARN] ConditionMgr:1039 - genDependencies : Invalid condition id : UX DEVICE CLASS RTOS Condition cause : null
2024-09-19 12:23:28,469 [WARN] ConditionMgr:1039 - genDependencies : Invalid condition id : UX DEVICE CLASS RTOS Condition cause : null
2024-09-19 12:23:28,469 [WARN] ConditionMgr:1039 - genDependencies : Invalid condition id : UX DEVICE CLASS RTOS Condition cause : null
2024-09-19 12:23:28,476 [WARN] PackLoader:240 - Cannot read IP mode file for STMicroelectronics.X-CUBE-SFXS2LP1.3.1.0
2024-09-19 12:23:28,489 [WARN] PackLoader:240 - Cannot read IP mode file for STMicroelectronics.X-CUBE-AZRTOS-F4.1.0.0
2024-09-19 12:23:28,496 [WARN] PackLoader:240 - Cannot read IP mode file for STMicroelectronics.X-CUBE-TOF1.2.0.0
2024-09-19 12:23:28,502 [WARN] PackLoader:240 - Cannot read IP mode file for STMicroelectronics.X-CUBE-NFC7.1.0.1
2024-09-19 12:23:28,506 [WARN] PackLoader:240 - Cannot read IP mode file for STMicroelectronics.X-CUBE-NFC7.1.0.0
2024-09-19 12:23:28,511 [WARN] PackLoader:240 - Cannot read IP mode file for STMicroelectronics.X-CUBE-NFC6.3.0.0
2024-09-19 12:23:28,517 [WARN] PackLoader:240 - Cannot read IP mode file for STMicroelectronics.X-CUBE-EEPRMA1.4.1.0
2024-09-19 12:23:28,521 [WARN] PackLoader:240 - Cannot read IP mode file for STMicroelectronics.X-CUBE-AI.8.1.0
2024-09-19 12:23:28,531 [WARN] PackLoader:240 - Cannot read IP mode file for STMicroelectronics.X-CUBE-AZRTOS-G0.1.0.0
2024-09-19 12:23:28,552 [WARN] ConditionMgr:438 - getConditionDescription Invalid condition id : LAN8742 Phy interface Condition cause : null
2024-09-19 12:23:28,553 [WARN] PackLoader:240 - Cannot read IP mode file for STMicroelectronics.X-CUBE-AZRTOS-L4.2.0.0
2024-09-19 12:23:28,554 [WARN] ConditionMgr:1039 - genDependencies : Invalid condition id : LAN8742 Phy interface Condition cause : null
2024-09-19 12:23:28,555 [WARN] ConditionMgr:1039 - genDependencies : Invalid condition id : LAN8742 Phy interface Condition cause : null
2024-09-19 12:23:28,556 [WARN] ConditionMgr:1039 - genDependencies : Invalid condition id : LAN8742 Phy interface Condition cause : null
2024-09-19 12:23:28,563 [WARN] PackLoader:240 - Cannot read IP mode file for STMicroelectronics.X-CUBE-SFXS2LP1.4.0.0
2024-09-19 12:23:28,586 [WARN] PackLoader:240 - Cannot read IP mode file for STMicroelectronics.X-CUBE-AZRTOS-H7.3.0.0
2024-09-19 12:23:28,592 [WARN] PackLoader:240 - Cannot read IP mode file for STMicroelectronics.X-CUBE-ISPU.1.1.0
2024-09-19 12:23:28,610 [WARN] PackLoader:240 - Cannot read IP mode file for STMicroelectronics.X-CUBE-AZRTOS-H7.3.3.0
2024-09-19 12:23:28,621 [WARN] PackLoader:240 - Cannot read IP mode file for RoweBots.I-CUBE-UNISONRTOS.5.5.0-4
2024-09-19 12:23:28,625 [WARN] PackLoader:240 - Cannot read IP mode file for STMicroelectronics.X-CUBE-AI.8.0.0
2024-09-19 12:23:28,640 [WARN] ConditionMgr:438 - getConditionDescription Invalid condition id : UX DEVICE CLASS RTOS Condition cause : null
2024-09-19 12:23:28,641 [WARN] ConditionMgr:438 - getConditionDescription Invalid condition id : UX DEVICE CLASS RTOS Condition cause : null
2024-09-19 12:23:28,644 [WARN] PackLoader:240 - Cannot read IP mode file for STMicroelectronics.X-CUBE-AZRTOS-WB.2.0.0
2024-09-19 12:23:28,645 [WARN] ConditionMgr:1039 - genDependencies : Invalid condition id : UX DEVICE CLASS RTOS Condition cause : null
2024-09-19 12:23:28,645 [WARN] ConditionMgr:1039 - genDependencies : Invalid condition id : UX DEVICE CLASS RTOS Condition cause : null
2024-09-19 12:23:28,646 [WARN] ConditionMgr:1039 - genDependencies : Invalid condition id : UX DEVICE CLASS RTOS Condition cause : null
2024-09-19 12:23:28,646 [WARN] ConditionMgr:1039 - genDependencies : Invalid condition id : UX DEVICE CLASS RTOS Condition cause : null
2024-09-19 12:23:28,646 [WARN] ConditionMgr:1039 - genDependencies : Invalid condition id : UX DEVICE CLASS RTOS Condition cause : null
2024-09-19 12:23:28,651 [WARN] PackLoader:240 - Cannot read IP mode file for STMicroelectronics.X-CUBE-FREERTOS.1.0.0
2024-09-19 12:23:28,657 [WARN] PackLoader:240 - Cannot read IP mode file for STMicroelectronics.X-CUBE-FREERTOS.1.0.1
2024-09-19 12:23:28,660 [WARN] PackLoader:240 - Cannot read IP mode file for STMicroelectronics.X-CUBE-GNSS1.7.0.0
2024-09-19 12:23:28,663 [ERROR] Engine:466 - C:\Users\fmabrouk\.stm32cubemx\thirdparties\pdsc\STMicroelectronics.FP-SNS-STBOX1.2.0.0.pdsc: PDSC version is not supported
2024-09-19 12:23:28,673 [WARN] PackLoader:240 - Cannot read IP mode file for STMicroelectronics.X-CUBE-AZRTOS-L5.1.1.0
2024-09-19 12:23:28,677 [WARN] PackLoader:240 - Cannot read IP mode file for STMicroelectronics.X-CUBE-AI.8.0.1
2024-09-19 12:23:28,683 [WARN] PackLoader:240 - Cannot read IP mode file for STMicroelectronics.X-CUBE-SUBG2.5.0.0
2024-09-19 12:23:28,694 [WARN] PackLoader:240 - Cannot read IP mode file for Cesanta.I-CUBE-Mongoose.7.13.0
2024-09-19 12:23:28,701 [WARN] PackLoader:240 - Cannot read IP mode file for STMicroelectronics.X-CUBE-TOF1.3.3.1
2024-09-19 12:23:28,718 [WARN] PackLoader:240 - Cannot read IP mode file for STMicroelectronics.X-CUBE-AZRTOS-G4.2.0.0
2024-09-19 12:23:28,725 [WARN] PackLoader:240 - Cannot read IP mode file for STMicroelectronics.X-CUBE-TOF1.3.3.0
2024-09-19 12:23:28,733 [WARN] PackLoader:240 - Cannot read IP mode file for STMicroelectronics.FP-ATR-ASTRA1.1.1.1
2024-09-19 12:23:28,742 [WARN] PackLoader:240 - Cannot read IP mode file for Infineon.AIROC-Wi-Fi-Bluetooth-STM32.1.5.1
2024-09-19 12:23:28,747 [WARN] PackLoader:240 - Cannot read IP mode file for STMicroelectronics.FP-SNS-MOTENVWB1.1.3.0
2024-09-19 12:23:28,751 [WARN] PackLoader:240 - Cannot read IP mode file for STMicroelectronics.FP-SNS-MOTENVWB1.1.3.1
2024-09-19 12:23:28,760 [WARN] PackLoader:240 - Cannot read IP mode file for STMicroelectronics.X-CUBE-AZRTOS-G4.1.0.0
2024-09-19 12:23:28,772 [WARN] PackLoader:240 - Cannot read IP mode file for STMicroelectronics.X-CUBE-AZRTOS-L4.1.0.0
2024-09-19 12:23:28,776 [WARN] PackLoader:240 - Cannot read IP mode file for STMicroelectronics.X-CUBE-ISPU.2.0.0
2024-09-19 12:23:28,780 [WARN] PackLoader:240 - Cannot read IP mode file for STMicroelectronics.X-CUBE-ALS.1.0.2
2024-09-19 12:23:28,806 [WARN] PackLoader:240 - Cannot read IP mode file for STMicroelectronics.X-CUBE-MEMS1.10.0.0
2024-09-19 12:23:28,906 [WARN] PackLoader:240 - Cannot read IP mode file for STMicroelectronics.X-CUBE-FREERTOS.1.1.0
2024-09-19 12:23:28,909 [WARN] PackLoader:240 - Cannot read IP mode file for STMicroelectronics.X-CUBE-TOUCHGFX.4.24.0
2024-09-19 12:23:28,919 [WARN] PackLoader:240 - Cannot read IP mode file for STMicroelectronics.X-CUBE-AZRTOS-F7.1.0.0
2024-09-19 12:23:28,927 [WARN] PackLoader:240 - Cannot read IP mode file for STMicroelectronics.X-CUBE-AZRTOS-WL.1.0.0
2024-09-19 12:23:28,953 [WARN] PackLoader:240 - Cannot read IP mode file for STMicroelectronics.X-CUBE-MEMS1.9.1.0
2024-09-19 12:23:29,046 [WARN] PackLoader:240 - Cannot read IP mode file for wolfSSL.I-CUBE-wolfTPM.3.4.0
2024-09-19 12:23:29,053 [WARN] PackLoader:240 - Cannot read IP mode file for portGmbH.I-Cube-SoM-uGOAL.1.1.0
2024-09-19 12:23:29,057 [WARN] PackLoader:240 - Cannot read IP mode file for STMicroelectronics.X-CUBE-ALS.1.0.1
2024-09-19 12:23:29,060 [WARN] PackLoader:240 - Cannot read IP mode file for STMicroelectronics.X-CUBE-AI.7.0.0
2024-09-19 12:23:29,070 [WARN] PackLoader:240 - Cannot read IP mode file for STMicroelectronics.X-CUBE-AZRTOS-WB.1.1.0
2024-09-19 12:23:29,086 [WARN] PackLoader:240 - Cannot read IP mode file for STMicroelectronics.X-CUBE-AZRTOS-L5.1.0.0
2024-09-19 12:23:29,092 [WARN] PackLoader:240 - Cannot read IP mode file for STMicroelectronics.X-CUBE-EEPRMA1.3.1.0
2024-09-19 12:23:29,108 [WARN] PackLoader:240 - Cannot read IP mode file for STMicroelectronics.X-CUBE-AZRTOS-H7RS.1.0.0
2024-09-19 12:23:29,117 [WARN] PackLoader:240 - Cannot read IP mode file for STMicroelectronics.X-CUBE-GNSS1.5.2.0
2024-09-19 12:23:29,120 [WARN] PackLoader:240 - Cannot read IP mode file for STMicroelectronics.FP-ATR-ASTRA1.2.0.0
2024-09-19 12:23:29,124 [ERROR] Engine:466 - C:\Users\fmabrouk\.stm32cubemx\thirdparties\pdsc\STMicroelectronics.X-CUBE-TOF1.3.4.2.pdsc: PDSC version is not supported
2024-09-19 12:23:29,132 [WARN] PackLoader:240 - Cannot read IP mode file for STMicroelectronics.X-CUBE-TOF1.3.4.1
2024-09-19 12:23:29,161 [WARN] PackLoader:240 - Cannot read IP mode file for STMicroelectronics.X-CUBE-AZRTOS-H7.3.2.0
2024-09-19 12:23:29,168 [WARN] PackLoader:240 - Cannot read IP mode file for wolfSSL.I-CUBE-wolfSSH.1.4.17
2024-09-19 12:23:29,168 [INFO] ThirdParty:978 - Integrity check success = true
2024-09-19 12:23:29,169 [INFO] IntegrityCheckThread:100 - exiting critical section [integrity check]
2024-09-19 12:23:29,169 [INFO] IntegrityCheckThread:103 - End integrity checks thread
2024-09-19 12:23:47,524 [ERROR] LogOutputStream:75 - [STDERR_REDIRECT] SLF4J: Failed to load class "org.slf4j.impl.StaticLoggerBinder".
2024-09-19 12:23:47,525 [ERROR] LogOutputStream:75 - [STDERR_REDIRECT] SLF4J: Defaulting to no-operation (NOP) logger implementation
2024-09-19 12:23:47,526 [ERROR] LogOutputStream:75 - [STDERR_REDIRECT] SLF4J: See http://www.slf4j.org/codes.html#StaticLoggerBinder for further details.
2024-09-19 12:23:49,316 [ERROR] LogOutputStream:75 - [STDERR_REDIRECT] 
